{
  "stats": {
    "suites": 1,
    "tests": 6,
    "passes": 6,
    "pending": 0,
    "failures": 0,
    "start": "2025-05-08T14:09:19.605Z",
    "end": "2025-05-08T14:09:26.904Z",
    "duration": 7299,
    "testsRegistered": 6,
    "passPercent": 100,
    "pendingPercent": 0,
    "other": 0,
    "hasOther": false,
    "skipped": 0,
    "hasSkipped": false
  },
  "results": [
    {
      "uuid": "bd9244d4-2906-4457-8e93-f5c189629f30",
      "title": "",
      "fullFile": "cypress\\e2e\\4-e2e-test\\saucedemo-pom.cy.js",
      "file": "cypress\\e2e\\4-e2e-test\\saucedemo-pom.cy.js",
      "beforeHooks": [],
      "afterHooks": [],
      "tests": [],
      "suites": [
        {
          "uuid": "94374717-8678-4aad-8c44-58af7382d094",
          "title": "Saucedemo Web Test",
          "fullFile": "",
          "file": "",
          "beforeHooks": [],
          "afterHooks": [],
          "tests": [
            {
              "title": "Login with valid data-1",
              "fullTitle": "Saucedemo Web Test Login with valid data-1",
              "timedOut": null,
              "duration": 2463,
              "state": "passed",
              "speed": "fast",
              "pass": true,
              "fail": false,
              "pending": false,
              "context": null,
              "code": "_loginPage.default.visit();\n_loginPage.default.fillUsername(this.data.validUser.username);\n_loginPage.default.fillPassword(this.data.validUser.password);\n_loginPage.default.clickLogin();\n_loginPage.default.verifyLoginSuccess();",
              "err": {},
              "uuid": "3fb71619-eb0d-46cb-a240-341affa66786",
              "parentUUID": "94374717-8678-4aad-8c44-58af7382d094",
              "isHook": false,
              "skipped": false
            },
            {
              "title": "Login with valid data-2",
              "fullTitle": "Saucedemo Web Test Login with valid data-2",
              "timedOut": null,
              "duration": 958,
              "state": "passed",
              "speed": "fast",
              "pass": true,
              "fail": false,
              "pending": false,
              "context": null,
              "code": "_loginPage.default.loginUser(this.data.validUser);\n_loginPage.default.verifyLoginSuccess();",
              "err": {},
              "uuid": "95048bdb-4ed9-4c1f-a417-e2a1093b18b4",
              "parentUUID": "94374717-8678-4aad-8c44-58af7382d094",
              "isHook": false,
              "skipped": false
            },
            {
              "title": "Login with locked out user",
              "fullTitle": "Saucedemo Web Test Login with locked out user",
              "timedOut": null,
              "duration": 914,
              "state": "passed",
              "speed": "fast",
              "pass": true,
              "fail": false,
              "pending": false,
              "context": null,
              "code": "_loginPage.default.loginUser(this.data.lockedOutUser);\n_loginPage.default.verifyLoginFailed(this.data.lockedOutUser);",
              "err": {},
              "uuid": "729323d0-6b30-4a5d-8cb0-bafee24a4bf6",
              "parentUUID": "94374717-8678-4aad-8c44-58af7382d094",
              "isHook": false,
              "skipped": false
            },
            {
              "title": "Login with invalid User",
              "fullTitle": "Saucedemo Web Test Login with invalid User",
              "timedOut": null,
              "duration": 808,
              "state": "passed",
              "speed": "fast",
              "pass": true,
              "fail": false,
              "pending": false,
              "context": null,
              "code": "_loginPage.default.loginUser(this.data.invalidUser);\n_loginPage.default.verifyLoginFailed(this.data.invalidUser);",
              "err": {},
              "uuid": "ee2e9383-5908-4541-b57f-89fca8b200c7",
              "parentUUID": "94374717-8678-4aad-8c44-58af7382d094",
              "isHook": false,
              "skipped": false
            },
            {
              "title": "Add to Cart",
              "fullTitle": "Saucedemo Web Test Add to Cart",
              "timedOut": null,
              "duration": 1108,
              "state": "passed",
              "speed": "fast",
              "pass": true,
              "fail": false,
              "pending": false,
              "context": null,
              "code": "_loginPage.default.loginUser(this.data.validUser);\n_inventoryPage.default.verifyInventoryPage();\n// Add to cart 2 products\n_inventoryPage.default.addProductToCart(this.products.productNames);\n// Verify products\n_inventoryPage.default.verifyCartItemCount(this.products.productNames.length);",
              "err": {},
              "uuid": "2a722cf7-2201-491d-a3eb-5627459e303b",
              "parentUUID": "94374717-8678-4aad-8c44-58af7382d094",
              "isHook": false,
              "skipped": false
            },
            {
              "title": "Add to Cart with Custom Command Login",
              "fullTitle": "Saucedemo Web Test Add to Cart with Custom Command Login",
              "timedOut": null,
              "duration": 882,
              "state": "passed",
              "speed": "fast",
              "pass": true,
              "fail": false,
              "pending": false,
              "context": null,
              "code": "cy.login(Cypress.env(\"valid_username\"), Cypress.env(\"valid_password\"));\n_inventoryPage.default.verifyInventoryPage();\n// Add to cart 2 products\n_inventoryPage.default.addProductToCart(this.products.productNames);\n// Verify products\n_inventoryPage.default.verifyCartItemCount(this.products.productNames.length);",
              "err": {},
              "uuid": "05ab2c06-77cd-4a81-9325-4e04f422bde9",
              "parentUUID": "94374717-8678-4aad-8c44-58af7382d094",
              "isHook": false,
              "skipped": false
            }
          ],
          "suites": [],
          "passes": [
            "3fb71619-eb0d-46cb-a240-341affa66786",
            "95048bdb-4ed9-4c1f-a417-e2a1093b18b4",
            "729323d0-6b30-4a5d-8cb0-bafee24a4bf6",
            "ee2e9383-5908-4541-b57f-89fca8b200c7",
            "2a722cf7-2201-491d-a3eb-5627459e303b",
            "05ab2c06-77cd-4a81-9325-4e04f422bde9"
          ],
          "failures": [],
          "pending": [],
          "skipped": [],
          "duration": 7133,
          "root": false,
          "rootEmpty": false,
          "_timeout": 2000
        }
      ],
      "passes": [],
      "failures": [],
      "pending": [],
      "skipped": [],
      "duration": 0,
      "root": true,
      "rootEmpty": true,
      "_timeout": 2000
    }
  ],
  "meta": {
    "mocha": {
      "version": "7.2.0"
    },
    "mochawesome": {
      "options": {
        "quiet": false,
        "reportFilename": "mochawesome",
        "saveHtml": true,
        "saveJson": true,
        "consoleReporter": "spec",
        "useInlineDiffs": false,
        "code": true
      },
      "version": "7.1.3"
    },
    "marge": {
      "options": {
        "reprotDir": "cypress/reports",
        "overwrite": false,
        "html": true,
        "json": true
      },
      "version": "6.2.0"
    }
  }
}