{
  "stats": {
    "suites": 1,
    "tests": 6,
    "passes": 6,
    "pending": 0,
    "failures": 0,
    "start": "2025-05-08T13:57:18.014Z",
    "end": "2025-05-08T13:57:25.142Z",
    "duration": 7128,
    "testsRegistered": 6,
    "passPercent": 100,
    "pendingPercent": 0,
    "other": 0,
    "hasOther": false,
    "skipped": 0,
    "hasSkipped": false
  },
  "results": [
    {
      "uuid": "edfae096-9f68-4fdf-a1f5-1be34c9b9f40",
      "title": "",
      "fullFile": "cypress\\e2e\\4-e2e-test\\saucedemo-pom.cy.js",
      "file": "cypress\\e2e\\4-e2e-test\\saucedemo-pom.cy.js",
      "beforeHooks": [],
      "afterHooks": [],
      "tests": [],
      "suites": [
        {
          "uuid": "314176dd-0e58-44e5-a45e-967f597bd75d",
          "title": "Saucedemo Web Test",
          "fullFile": "",
          "file": "",
          "beforeHooks": [],
          "afterHooks": [],
          "tests": [
            {
              "title": "Login with valid data-1",
              "fullTitle": "Saucedemo Web Test Login with valid data-1",
              "timedOut": null,
              "duration": 2434,
              "state": "passed",
              "speed": "fast",
              "pass": true,
              "fail": false,
              "pending": false,
              "context": null,
              "code": "_loginPage.default.visit();\n_loginPage.default.fillUsername(this.data.validUser.username);\n_loginPage.default.fillPassword(this.data.validUser.password);\n_loginPage.default.clickLogin();\n_loginPage.default.verifyLoginSuccess();",
              "err": {},
              "uuid": "4b49aed9-9e59-466f-85c0-487266457d7a",
              "parentUUID": "314176dd-0e58-44e5-a45e-967f597bd75d",
              "isHook": false,
              "skipped": false
            },
            {
              "title": "Login with valid data-2",
              "fullTitle": "Saucedemo Web Test Login with valid data-2",
              "timedOut": null,
              "duration": 936,
              "state": "passed",
              "speed": "fast",
              "pass": true,
              "fail": false,
              "pending": false,
              "context": null,
              "code": "_loginPage.default.loginUser(this.data.validUser);\n_loginPage.default.verifyLoginSuccess();",
              "err": {},
              "uuid": "702fea03-a5ac-467a-9993-2dd27981235f",
              "parentUUID": "314176dd-0e58-44e5-a45e-967f597bd75d",
              "isHook": false,
              "skipped": false
            },
            {
              "title": "Login with locked out user",
              "fullTitle": "Saucedemo Web Test Login with locked out user",
              "timedOut": null,
              "duration": 895,
              "state": "passed",
              "speed": "fast",
              "pass": true,
              "fail": false,
              "pending": false,
              "context": null,
              "code": "_loginPage.default.loginUser(this.data.lockedOutUser);\n_loginPage.default.verifyLoginFailed(this.data.lockedOutUser);",
              "err": {},
              "uuid": "4affd194-fd70-4f1a-8c58-4fd14c06c585",
              "parentUUID": "314176dd-0e58-44e5-a45e-967f597bd75d",
              "isHook": false,
              "skipped": false
            },
            {
              "title": "Login with invalid User",
              "fullTitle": "Saucedemo Web Test Login with invalid User",
              "timedOut": null,
              "duration": 783,
              "state": "passed",
              "speed": "fast",
              "pass": true,
              "fail": false,
              "pending": false,
              "context": null,
              "code": "_loginPage.default.loginUser(this.data.invalidUser);\n_loginPage.default.verifyLoginFailed(this.data.invalidUser);",
              "err": {},
              "uuid": "ca258e2f-a48a-4d65-8894-35033bae6f5a",
              "parentUUID": "314176dd-0e58-44e5-a45e-967f597bd75d",
              "isHook": false,
              "skipped": false
            },
            {
              "title": "Add to Cart",
              "fullTitle": "Saucedemo Web Test Add to Cart",
              "timedOut": null,
              "duration": 1080,
              "state": "passed",
              "speed": "fast",
              "pass": true,
              "fail": false,
              "pending": false,
              "context": null,
              "code": "_loginPage.default.loginUser(this.data.validUser);\n_inventoryPage.default.verifyInventoryPage();\n// Add to cart 2 products\n_inventoryPage.default.addProductToCart(this.products.productNames);\n// Verify products\n_inventoryPage.default.verifyCartItemCount(this.products.productNames.length);",
              "err": {},
              "uuid": "98024194-3063-4ef7-a6a2-20278a51694e",
              "parentUUID": "314176dd-0e58-44e5-a45e-967f597bd75d",
              "isHook": false,
              "skipped": false
            },
            {
              "title": "Add to Cart with Custom Command Login",
              "fullTitle": "Saucedemo Web Test Add to Cart with Custom Command Login",
              "timedOut": null,
              "duration": 854,
              "state": "passed",
              "speed": "fast",
              "pass": true,
              "fail": false,
              "pending": false,
              "context": null,
              "code": "cy.login(Cypress.env(\"valid_username\"), Cypress.env(\"valid_password\"));\n_inventoryPage.default.verifyInventoryPage();\n// Add to cart 2 products\n_inventoryPage.default.addProductToCart(this.products.productNames);\n// Verify products\n_inventoryPage.default.verifyCartItemCount(this.products.productNames.length);",
              "err": {},
              "uuid": "7edb1174-0a8a-43d8-8b1b-ed72a4480609",
              "parentUUID": "314176dd-0e58-44e5-a45e-967f597bd75d",
              "isHook": false,
              "skipped": false
            }
          ],
          "suites": [],
          "passes": [
            "4b49aed9-9e59-466f-85c0-487266457d7a",
            "702fea03-a5ac-467a-9993-2dd27981235f",
            "4affd194-fd70-4f1a-8c58-4fd14c06c585",
            "ca258e2f-a48a-4d65-8894-35033bae6f5a",
            "98024194-3063-4ef7-a6a2-20278a51694e",
            "7edb1174-0a8a-43d8-8b1b-ed72a4480609"
          ],
          "failures": [],
          "pending": [],
          "skipped": [],
          "duration": 6982,
          "root": false,
          "rootEmpty": false,
          "_timeout": 2000
        }
      ],
      "passes": [],
      "failures": [],
      "pending": [],
      "skipped": [],
      "duration": 0,
      "root": true,
      "rootEmpty": true,
      "_timeout": 2000
    }
  ],
  "meta": {
    "mocha": {
      "version": "7.2.0"
    },
    "mochawesome": {
      "options": {
        "quiet": false,
        "reportFilename": "mochawesome",
        "saveHtml": false,
        "saveJson": true,
        "consoleReporter": "spec",
        "useInlineDiffs": false,
        "code": true
      },
      "version": "7.1.3"
    },
    "marge": {
      "options": {
        "reprotDir": "cypress/reports",
        "overwrite": false,
        "html": false,
        "json": true
      },
      "version": "6.2.0"
    }
  }
}